2025-02-08 03:15:01.786 | INFO     | scenario:build:265 - loaded bug scenario: Scenario(subject='libtiff', name='REDTEAM-CVE-2016-10268', directory='/data/vulnloc/libtiff/REDTEAM-CVE-2016-10268', build_directory='/data/vulnloc/libtiff/REDTEAM-CVE-2016-10268/src', source_directory='/data/vulnloc/libtiff/REDTEAM-CVE-2016-10268/src', tag_id='libtiff_REDTEAM-CVE-2016-10268', binary_path='/data/vulnloc/libtiff/REDTEAM-CVE-2016-10268/src/tools/tiffcp', clean_command='make clean', prebuild_command='./configure --enable-static --disable-shared --with-jbig-include-dir=/usr/bin/', build_command='make CFLAGS="${INJECT_CFLAGS}" CXXFLAGS="${INJECT_CXXFLAGS}" LDFLAGS="${INJECT_LDFLAGS}"', crashing_command='-i $POC output', crashing_input='/data/vulnloc/libtiff/REDTEAM-CVE-2016-10268/exploit', shell=Shell(cwd='/data/vulnloc/libtiff/REDTEAM-CVE-2016-10268'), crash_test=Test(name='crash', command='/data/vulnloc/libtiff/REDTEAM-CVE-2016-10268/src/tools/tiffcp -i /data/vulnloc/libtiff/REDTEAM-CVE-2016-10268/exploit output', expected_exit_code=0, expected_stdout=None, bad_output=None, asan_options=None, ubsan_options=None), sanitizer_flags='-fsanitize=address', additional_klee_flags='', expected_exit_code_for_crashing_input=0, should_terminate_early=True, fuzzer_tests=[], fuzzer=None, time_limit_minutes_validation=None, time_limit_seconds_single_test=30, time_limit_minutes_analysis=3600, halt_on_error=True, rebuild_for_validation=False, asan_options=None, ubsan_options=None, use_ghost_functions=True, acceptable_patch_limit=None)
2025-02-08 03:15:01.786 | INFO     | scenario:fuzz:426 - skipping fuzzing: fuzzer disabled
2025-02-08 03:15:01.786 | INFO     | analyzer:run:114 - running analysis with timeout: 60 minutes
2025-02-08 03:15:01.787 | DEBUG    | analyzer:write_config_to_file:88 - generated analyzer config:

dir_exp:/data/vulnloc/libtiff/REDTEAM-CVE-2016-10268
tag_id:libtiff_REDTEAM-CVE-2016-10268
src_directory:/data/vulnloc/libtiff/REDTEAM-CVE-2016-10268/src
binary_path:/data/vulnloc/libtiff/REDTEAM-CVE-2016-10268/src/tools/tiffcp
config_command:./configure --enable-static --disable-shared --with-jbig-include-dir=/usr/bin/
build_command:make CFLAGS="${INJECT_CFLAGS}" CXXFLAGS="${INJECT_CXXFLAGS}" LDFLAGS="${INJECT_LDFLAGS}"
test_input_list:-i $POC output
poc_list:/data/vulnloc/libtiff/REDTEAM-CVE-2016-10268/exploit
klee_flags:--link-llvm-lib=/CrashRepair/lib/libcrepair_proxy.bca 

2025-02-08 03:15:01.787 | DEBUG    | analyzer:run:124 - wrote analyzer config file to: /tmp/tmp24fd7xk2
2025-02-08 03:15:01.787 | DEBUG    | shell:__call__:41 - executing: crepair --conf=/tmp/tmp24fd7xk2
[K[1;36m
====================================================================================================

	Starting CRepair (C Crash Repair) 
====================================================================================================
[0m
[K[1;36m
	Loading Configurations
	__________________________________________________________________________________________
[0m
[K	[1;34mreading configuration values from arguments[0m
[K	[1;34mreading configuration values form configuration file[0m
[K	[1;37m	[file] /tmp/tmp24fd7xk2[0m
[K	[1;34mupdating configuration values[0m
[K	[1;34mreading test configuration[0m
[K	[1;34mreading seed information[0m
[K	[1;37m	[config] stack size: 15000[0m
[K	[1;37m	[config] collecting stats: False[0m
[K	[1;37m	[config] number of tests: 1[0m
[K	[1;37m	[config] number of cores: 8[0m
[K	[1;37m	[config] klee concrete execution timeout: 600[0m
[K	[1;37m	[config] klee concolic execution timeout: 1200[0m
[K	[1;37m	[config] synthesize subset expressions: True[0m
[K	[1;37m	[config] window size for taint locations: 500[0m
[K	[1;37m	[config] window size for taint values: 500000[0m
[K[1;36m

	Analyzing Program
====================================================================================================
[0m
[K[1;36m
	Test Case #1
	__________________________________________________________________________________________
[0m
[K[1;36m
		Running Concrete Execution
		------------------------------------------------------------------------------------------
[0m
[K	[1;37m	[0m[K     [1;37mUsing Arguments: ['-i', '$POC', 'output'][0m
[K	[1;37m	[0m[K     [1;37mUsing Input File: /data/vulnloc/libtiff/REDTEAM-CVE-2016-10268/exploit[0m
[K	[1;34m	building program[0m
[K	[1;34m		setting environment variables[0m
[K	[1;34m		cleaning files[0m
[K	[1;34m		configuring program[0m
[K	[1;34m		compiling program[0m
[K	[1;37m	[0m[K     [1;37mUsing Binary: /data/vulnloc/libtiff/REDTEAM-CVE-2016-10268/src/tools/tiffcp[0m
[K	[1;34m	extracting bytecode[0m
[K	[1;34m	executing klee in concrete mode[0m
[K	[1;34m	extracting instruction trace[0m
[K	[1;37m		[note] program crashed[0m
[K	[1;34m	collecting tainted expressions[0m
[K	[1;34m	collecting tainted concrete values[0m
[K	[1;34m	collecting memory allocations/de-allocations[0m
[K	[1;34m	collecting pointer mapping[0m
[K	[1;34m	extracting crash information[0m
[K	[1;37m		[0m[K     [1;37m[info] crash type: check memory access error[0m
[K	[1;37m		[0m[K     [1;37m[info] crash location: /klee/source/runtime/POSIX/fd.c:418:5[0m
[K	[1;37m		[0m[K     [1;37m[info] crash function: write[0m
[K	[1;37m		[0m[K     [1;37m[info] crash address: 3533[0m
[K	[1;37m		[0m[K     [1;37m[info] crash free constraint: (@var(pointer, buf) < ((base  @var(pointer, buf)) + (size
                             @var(pointer, buf))))[0m
[K	[1;37m		[0m[K     [1;37m[info] crash inducing variables: (base  @var(pointer, buf)), (size  @var(pointer, buf)),
                             buf[0m
[K	[1;37m			[info] identified crash type: check memory access error[0m
[K[1;36m
		Running Concolic Execution
		------------------------------------------------------------------------------------------
[0m
[K	[1;37m	[0m[K     [1;37mUsing Arguments: ['-i', '$POC', 'output'][0m
[K	[1;37m	[0m[K     [1;37mUsing Input File: /data/vulnloc/libtiff/REDTEAM-CVE-2016-10268/exploit[0m
[K	[1;34m	building program[0m
[K	[1;34m		setting environment variables[0m
[K	[1;34m		cleaning files[0m
[K	[1;34m		configuring program[0m
[K	[1;34m		compiling program[0m
[K	[1;34m	extracting bytecode[0m
[K	[1;34m	generating ktest file[0m
[K	[1;34m	executing klee in concolic mode[0m
[K	[1;34m	extracting largest symbolic path[0m
[K	[1;34m	extracting instruction trace[0m
[K	[1;37m		[note] program did not crash[0m
[K	[1;33m	[warning] Unknown Crash Reason: [0m
[K	[1;33m	[warning] taint analysis failed, using concrete values[0m
[K	[1;37m		[0m[K     [1;37m[info] Symbolic Mapping: buf -> [bv984588288][0m
[K	[1;37m		[0m[K     [1;37m[info] Symbolic Mapping: (size  @var(pointer, buf)) -> [][0m
[K	[1;37m		[0m[K     [1;37m[info] Symbolic Mapping: (base  @var(pointer, buf)) -> [bv984588288][0m
[K[1;36m

	Fix Localization
====================================================================================================
[0m
[K[1;36m
	Generating Fix Locations
	__________________________________________________________________________________________
[0m
[K	[1;34m	generating taint map[0m
[K	[1;37m		[0m[K     [1;37m[info] found 4322 tainted locations[0m
[K	[1;34m		starting parallel computing[0m
[K	[1;34m		waiting for thread completion[0m
[K	[1;37m		[0m[K     [1;37m[info] found 5 source files[0m
[K	[1;37m		[0m[K     [1;37m[info] found 10 executed functions[0m
[K	[1;34m	generating possible fix locations[0m
[K	[1;37m		[0m[K     [1;37m[fix-loc] TIFFAppendToStrip, /data/vulnloc/libtiff/REDTEAM-
                             CVE-2016-10268/src/libtiff/tif_write.c:783:1[0m
[K	[1;37m		[0m[K     [1;37m[fix-loc] TIFFAppendToStrip, /data/vulnloc/libtiff/REDTEAM-
                             CVE-2016-10268/src/libtiff/tif_write.c:782:2[0m
[K	[1;37m		[0m[K     [1;37m[fix-loc] TIFFAppendToStrip, /data/vulnloc/libtiff/REDTEAM-
                             CVE-2016-10268/src/libtiff/tif_write.c:780:28[0m
[K	[1;37m		[0m[K     [1;37m[fix-loc] TIFFAppendToStrip, /data/vulnloc/libtiff/REDTEAM-
                             CVE-2016-10268/src/libtiff/tif_write.c:780:18[0m
[K	[1;37m		[0m[K     [1;37m[fix-loc] TIFFAppendToStrip, /data/vulnloc/libtiff/REDTEAM-
                             CVE-2016-10268/src/libtiff/tif_write.c:780:13[0m
[K	[1;37m		[0m[K     [1;37m[fix-loc] TIFFAppendToStrip, /data/vulnloc/libtiff/REDTEAM-
                             CVE-2016-10268/src/libtiff/tif_write.c:779:50[0m
[K	[1;37m		[0m[K     [1;37m[fix-loc] TIFFAppendToStrip, /data/vulnloc/libtiff/REDTEAM-
                             CVE-2016-10268/src/libtiff/tif_write.c:779:53[0m
[K	[1;37m		[0m[K     [1;37m[fix-loc] TIFFAppendToStrip, /data/vulnloc/libtiff/REDTEAM-
                             CVE-2016-10268/src/libtiff/tif_write.c:779:21[0m
[K	[1;37m		[0m[K     [1;37m[fix-loc] TIFFAppendToStrip, /data/vulnloc/libtiff/REDTEAM-
                             CVE-2016-10268/src/libtiff/tif_write.c:779:43[0m
[K	[1;37m		[0m[K     [1;37m[fix-loc] TIFFAppendToStrip, /data/vulnloc/libtiff/REDTEAM-
                             CVE-2016-10268/src/libtiff/tif_write.c:779:25[0m
[K	[1;37m		[0m[K     [1;37m[fix-loc] TIFFAppendToStrip, /data/vulnloc/libtiff/REDTEAM-
                             CVE-2016-10268/src/libtiff/tif_write.c:777:31[0m
[K	[1;37m		[0m[K     [1;37m[fix-loc] TIFFAppendToStrip, /data/vulnloc/libtiff/REDTEAM-
                             CVE-2016-10268/src/libtiff/tif_write.c:777:2[0m
[K	[1;37m		[0m[K     [1;37m[fix-loc] TIFFAppendToStrip, /data/vulnloc/libtiff/REDTEAM-
                             CVE-2016-10268/src/libtiff/tif_write.c:777:24[0m
[K	[1;37m		[0m[K     [1;37m[fix-loc] TIFFAppendToStrip, /data/vulnloc/libtiff/REDTEAM-
                             CVE-2016-10268/src/libtiff/tif_write.c:777:6[0m
[K	[1;37m		[0m[K     [1;37m[fix-loc] TIFFAppendToStrip, /data/vulnloc/libtiff/REDTEAM-
                             CVE-2016-10268/src/libtiff/tif_write.c:777:34[0m
[K	[1;37m		[0m[K     [1;37m[fix-loc] TIFFAppendToStrip, /data/vulnloc/libtiff/REDTEAM-
                             CVE-2016-10268/src/libtiff/tif_write.c:776:18[0m
[K	[1;37m		[0m[K     [1;37m[fix-loc] TIFFAppendToStrip, /data/vulnloc/libtiff/REDTEAM-
                             CVE-2016-10268/src/libtiff/tif_write.c:776:7[0m
[K	[1;37m		[0m[K     [1;37m[fix-loc] TIFFAppendToStrip, /data/vulnloc/libtiff/REDTEAM-
                             CVE-2016-10268/src/libtiff/tif_write.c:776:2[0m
[K	[1;37m		[0m[K     [1;37m[fix-loc] TIFFAppendToStrip, /data/vulnloc/libtiff/REDTEAM-
                             CVE-2016-10268/src/libtiff/tif_write.c:776:20[0m
[K	[1;37m		[0m[K     [1;37m[fix-loc] TIFFAppendToStrip, /data/vulnloc/libtiff/REDTEAM-
                             CVE-2016-10268/src/libtiff/tif_write.c:771:7[0m
[K	[1;37m		[0m[K     [1;37m[fix-loc] _tiffWriteProc, /data/vulnloc/libtiff/REDTEAM-
                             CVE-2016-10268/src/libtiff/tif_unix.c:123:1[0m
[K	[1;37m		[0m[K     [1;37m[fix-loc] _tiffWriteProc, /data/vulnloc/libtiff/REDTEAM-
                             CVE-2016-10268/src/libtiff/tif_unix.c:121:9[0m
[K	[1;37m		[0m[K     [1;37m[fix-loc] _tiffWriteProc, /data/vulnloc/libtiff/REDTEAM-
                             CVE-2016-10268/src/libtiff/tif_unix.c:121:27[0m
[K	[1;37m		[0m[K     [1;37m[fix-loc] _tiffWriteProc, /data/vulnloc/libtiff/REDTEAM-
                             CVE-2016-10268/src/libtiff/tif_unix.c:119:19[0m
[K	[1;37m		[0m[K     [1;37m[fix-loc] _tiffWriteProc, /data/vulnloc/libtiff/REDTEAM-
                             CVE-2016-10268/src/libtiff/tif_unix.c:119:13[0m
[K	[1;37m		[0m[K     [1;37m[fix-loc] _tiffWriteProc, /data/vulnloc/libtiff/REDTEAM-
                             CVE-2016-10268/src/libtiff/tif_unix.c:109:73[0m
[K	[1;37m		[0m[K     [1;37m[fix-loc] _tiffWriteProc, /data/vulnloc/libtiff/REDTEAM-
                             CVE-2016-10268/src/libtiff/tif_unix.c:109:75[0m
[K	[1;37m		[0m[K     [1;37m[fix-loc] _tiffWriteProc, /data/vulnloc/libtiff/REDTEAM-
                             CVE-2016-10268/src/libtiff/tif_unix.c:116:27[0m
[K	[1;37m		[0m[K     [1;37m[fix-loc] _tiffWriteProc, /data/vulnloc/libtiff/REDTEAM-
                             CVE-2016-10268/src/libtiff/tif_unix.c:116:21[0m
[K	[1;37m		[0m[K     [1;37m[fix-loc] _tiffWriteProc, /data/vulnloc/libtiff/REDTEAM-
                             CVE-2016-10268/src/libtiff/tif_unix.c:115:22[0m
[K	[1;37m		[0m[K     [1;37m[fix-loc] _tiffWriteProc, /data/vulnloc/libtiff/REDTEAM-
                             CVE-2016-10268/src/libtiff/tif_unix.c:115:23[0m
[K	[1;37m		[0m[K     [1;37m[fix-loc] _tiffWriteProc, /data/vulnloc/libtiff/REDTEAM-
                             CVE-2016-10268/src/libtiff/tif_unix.c:115:64[0m
[K	[1;37m		[0m[K     [1;37m[fix-loc] _tiffWriteProc, /data/vulnloc/libtiff/REDTEAM-
                             CVE-2016-10268/src/libtiff/tif_unix.c:115:37[0m
[K	[1;37m		[0m[K     [1;37m[fix-loc] _tiffWriteProc, /data/vulnloc/libtiff/REDTEAM-
                             CVE-2016-10268/src/libtiff/tif_unix.c:115:33[0m
[K	[1;37m		[0m[K     [1;37m[fix-loc] _tiffWriteProc, /data/vulnloc/libtiff/REDTEAM-
                             CVE-2016-10268/src/libtiff/tif_unix.c:113:29[0m
[K	[1;37m		[0m[K     [1;37m[fix-loc] _tiffWriteProc, /data/vulnloc/libtiff/REDTEAM-
                             CVE-2016-10268/src/libtiff/tif_unix.c:113:21[0m
[K	[1;37m		[0m[K     [1;37m[fix-loc] _tiffWriteProc, /data/vulnloc/libtiff/REDTEAM-
                             CVE-2016-10268/src/libtiff/tif_unix.c:112:24[0m
[K	[1;37m		[0m[K     [1;37m[fix-loc] _tiffWriteProc, /data/vulnloc/libtiff/REDTEAM-
                             CVE-2016-10268/src/libtiff/tif_unix.c:112:45[0m
[K	[1;37m		[0m[K     [1;37m[fix-loc] _tiffWriteProc, /data/vulnloc/libtiff/REDTEAM-
                             CVE-2016-10268/src/libtiff/tif_unix.c:112:46[0m
[K	[1;37m		[0m[K     [1;37m[fix-loc] _tiffWriteProc, /data/vulnloc/libtiff/REDTEAM-
                             CVE-2016-10268/src/libtiff/tif_unix.c:112:34[0m
[K	[1;37m		[0m[K     [1;37m[fix-loc] _tiffWriteProc, /data/vulnloc/libtiff/REDTEAM-
                             CVE-2016-10268/src/libtiff/tif_unix.c:111:29[0m
[K	[1;37m		[0m[K     [1;37m[fix-loc] _tiffWriteProc, /data/vulnloc/libtiff/REDTEAM-
                             CVE-2016-10268/src/libtiff/tif_unix.c:111:54[0m
[K	[1;37m		[0m[K     [1;37m[fix-loc] _tiffWriteProc, /data/vulnloc/libtiff/REDTEAM-
                             CVE-2016-10268/src/libtiff/tif_unix.c:111:55[0m
[K	[1;37m		[0m[K     [1;37m[fix-loc] _tiffWriteProc, /data/vulnloc/libtiff/REDTEAM-
                             CVE-2016-10268/src/libtiff/tif_unix.c:111:51[0m
[K	[1;37m		[0m[K     [1;37m[fix-loc] _tiffWriteProc, /data/vulnloc/libtiff/REDTEAM-
                             CVE-2016-10268/src/libtiff/tif_unix.c:109:45[0m
[K	[1;37m		[0m[K     [1;37m[fix-loc] _tiffWriteProc, /data/vulnloc/libtiff/REDTEAM-
                             CVE-2016-10268/src/libtiff/tif_unix.c:109:47[0m
[K	[1;37m		[0m[K     [1;37m[fix-loc] _tiffWriteProc, /data/vulnloc/libtiff/REDTEAM-
                             CVE-2016-10268/src/libtiff/tif_unix.c:109:31[0m
[K	[1;37m		[0m[K     [1;37m[fix-loc] _tiffWriteProc, /data/vulnloc/libtiff/REDTEAM-
                             CVE-2016-10268/src/libtiff/tif_unix.c:109:27[0m
[K	[1;37m		[0m[K     [1;37m[fix-loc] _tiffWriteProc, /data/vulnloc/libtiff/REDTEAM-
                             CVE-2016-10268/src/libtiff/tif_unix.c:108:8[0m
[K	[1;37m		[0m[K     [1;37m[fix-loc] _tiffWriteProc, /data/vulnloc/libtiff/REDTEAM-
                             CVE-2016-10268/src/libtiff/tif_unix.c:108:6[0m
[K	[1;37m		[0m[K     [1;37m[fix-loc] _tiffWriteProc, /data/vulnloc/libtiff/REDTEAM-
                             CVE-2016-10268/src/libtiff/tif_unix.c:108:10[0m
[K	[1;37m		[0m[K     [1;37m[fix-loc] _tiffWriteProc, /data/vulnloc/libtiff/REDTEAM-
                             CVE-2016-10268/src/libtiff/tif_unix.c:103:29[0m
[K	[1;37m		[0m[K     [1;37m[fix-loc] _tiffWriteProc, /data/vulnloc/libtiff/REDTEAM-
                             CVE-2016-10268/src/libtiff/tif_unix.c:103:32[0m
[K	[1;37m		[0m[K     [1;37m[fix-loc] _tiffWriteProc, /data/vulnloc/libtiff/REDTEAM-
                             CVE-2016-10268/src/libtiff/tif_unix.c:103:17[0m
[K	[1;37m		[0m[K     [1;37m[fix-loc] _tiffWriteProc, /data/vulnloc/libtiff/REDTEAM-
                             CVE-2016-10268/src/libtiff/tif_unix.c:102:18[0m
[K	[1;37m		[0m[K     [1;37m[fix-loc] _tiffWriteProc, /data/vulnloc/libtiff/REDTEAM-
                             CVE-2016-10268/src/libtiff/tif_unix.c:100:38[0m
[K	[1;37m		[0m[K     [1;37m[fix-loc] _tiffWriteProc, /data/vulnloc/libtiff/REDTEAM-
                             CVE-2016-10268/src/libtiff/tif_unix.c:97:2[0m
[K	[1;37m		[0m[K     [1;37m[fix-loc] _tiffWriteProc, /data/vulnloc/libtiff/REDTEAM-
                             CVE-2016-10268/src/libtiff/tif_unix.c:97:1[0m
[K	[1;37m		[0m[K     [1;37m[fix-loc] _tiffWriteProc, /data/vulnloc/libtiff/REDTEAM-
                             CVE-2016-10268/src/libtiff/tif_unix.c:97:0[0m
[K[1;36m
	Localizing Constraints
	__________________________________________________________________________________________
[0m
[K	[1;33m	[warning] did not find top-level for ('/data/vulnloc/libtiff/REDTEAM-CVE-2016-10268/src/libtiff/tif_write.c', 716, 2)[0m
[K	[1;33m	[warning] did not find top-level for ('/data/vulnloc/libtiff/REDTEAM-CVE-2016-10268/src/libtiff/tif_write.c', 716, 3)[0m
[K	[1;33m	[warning] did not find top-level for ('/data/vulnloc/libtiff/REDTEAM-CVE-2016-10268/src/libtiff/tif_write.c', 783, 1)[0m
[K[1;36m
		[fix-loc] /data/vulnloc/libtiff/REDTEAM-CVE-2016-10268/src/libtiff/tif_write.c:763:2
		------------------------------------------------------------------------------------------
[0m
[K	[1;37m	[0m[K     [1;37m[constraint] (@var(pointer, data) < (@var(pointer, crepair_base(data)) + @var(integer,
                        cc)))[0m
[K[1;36m
		[fix-loc] /data/vulnloc/libtiff/REDTEAM-CVE-2016-10268/src/libtiff/tif_write.c:766:2
		------------------------------------------------------------------------------------------
[0m
[K	[1;37m	[0m[K     [1;37m[constraint] (@var(pointer, data) < (@var(pointer, crepair_base(data)) + @var(integer,
                        cc)))[0m
[K[1;36m
		[fix-loc] /data/vulnloc/libtiff/REDTEAM-CVE-2016-10268/src/libtiff/tif_write.c:771:2
		------------------------------------------------------------------------------------------
[0m
[K	[1;37m	[0m[K     [1;37m[constraint] (@var(pointer, tif) < (@var(pointer, data) + @var(integer, cc)))[0m
[K[1;36m
		[fix-loc] /data/vulnloc/libtiff/REDTEAM-CVE-2016-10268/src/libtiff/tif_write.c:777:2
		------------------------------------------------------------------------------------------
[0m
[K	[1;37m	[0m[K     [1;37m[constraint] (@var(pointer, tif) < (@var(pointer, data) + @var(integer, cc)))[0m
[K	[1;33m	[warning] did not find top-level for ('/data/vulnloc/libtiff/REDTEAM-CVE-2016-10268/src/libtiff/tif_write.c', 716, 2)[0m
[K	[1;33m	[warning] did not find top-level for ('/data/vulnloc/libtiff/REDTEAM-CVE-2016-10268/src/libtiff/tif_write.c', 716, 3)[0m
[K[1;36m
		[fix-loc] /data/vulnloc/libtiff/REDTEAM-CVE-2016-10268/src/libtiff/tif_write.c:782:2
		------------------------------------------------------------------------------------------
[0m
[K	[1;37m	[0m[K     [1;37m[constraint] (@var(pointer, tif) < (@var(pointer, data) + @var(integer, cc)))[0m
[K	[1;33m	[warning] did not find top-level for ('/data/vulnloc/libtiff/REDTEAM-CVE-2016-10268/src/libtiff/tif_write.c', 716, 2)[0m
[K	[1;33m	[warning] did not find top-level for ('/data/vulnloc/libtiff/REDTEAM-CVE-2016-10268/src/libtiff/tif_write.c', 716, 3)[0m
[K[1;36m
		[fix-loc] /data/vulnloc/libtiff/REDTEAM-CVE-2016-10268/src/libtiff/tif_write.c:780:13
		------------------------------------------------------------------------------------------
[0m
[K	[1;37m	[0m[K     [1;37m[constraint] (@var(pointer, tif) < (@var(pointer, data) + @var(integer, cc)))[0m
[K	[1;33m	[warning] did not find top-level for ('/data/vulnloc/libtiff/REDTEAM-CVE-2016-10268/src/libtiff/tif_write.c', 716, 2)[0m
[K	[1;33m	[warning] did not find top-level for ('/data/vulnloc/libtiff/REDTEAM-CVE-2016-10268/src/libtiff/tif_write.c', 716, 3)[0m
[K	[1;33m	[warning] did not find top-level for ('/data/vulnloc/libtiff/REDTEAM-CVE-2016-10268/src/libtiff/tif_write.c', 716, 2)[0m
[K	[1;33m	[warning] did not find top-level for ('/data/vulnloc/libtiff/REDTEAM-CVE-2016-10268/src/libtiff/tif_write.c', 716, 3)[0m
[K[1;36m
		[fix-loc] /data/vulnloc/libtiff/REDTEAM-CVE-2016-10268/src/libtiff/tif_write.c:779:9
		------------------------------------------------------------------------------------------
[0m
[K	[1;37m	[0m[K     [1;37m[constraint] (@var(pointer, tif) < (@var(pointer, data) + @var(integer, cc)))[0m
[K	[1;33m	[warning] did not find top-level for ('/data/vulnloc/libtiff/REDTEAM-CVE-2016-10268/src/libtiff/tif_write.c', 716, 2)[0m
[K	[1;33m	[warning] did not find top-level for ('/data/vulnloc/libtiff/REDTEAM-CVE-2016-10268/src/libtiff/tif_write.c', 716, 3)[0m
[K	[1;33m	[warning] did not find top-level for ('/data/vulnloc/libtiff/REDTEAM-CVE-2016-10268/src/libtiff/tif_write.c', 716, 2)[0m
[K	[1;33m	[warning] did not find top-level for ('/data/vulnloc/libtiff/REDTEAM-CVE-2016-10268/src/libtiff/tif_write.c', 716, 3)[0m
[K	[1;33m	[warning] did not find top-level for ('/data/vulnloc/libtiff/REDTEAM-CVE-2016-10268/src/libtiff/tif_write.c', 716, 2)[0m
[K	[1;33m	[warning] did not find top-level for ('/data/vulnloc/libtiff/REDTEAM-CVE-2016-10268/src/libtiff/tif_write.c', 716, 3)[0m
[K	[1;33m	[warning] did not find top-level for ('/data/vulnloc/libtiff/REDTEAM-CVE-2016-10268/src/libtiff/tif_write.c', 716, 2)[0m
[K	[1;33m	[warning] did not find top-level for ('/data/vulnloc/libtiff/REDTEAM-CVE-2016-10268/src/libtiff/tif_write.c', 716, 3)[0m
[K[1;36m
		[fix-loc] /data/vulnloc/libtiff/REDTEAM-CVE-2016-10268/src/libtiff/tif_write.c:777:34
		------------------------------------------------------------------------------------------
[0m
[K	[1;37m	[0m[K     [1;37m[constraint] (@var(pointer, tif) < (@var(pointer, data) + (@result(integer))))[0m
[K	[1;33m	[warning] did not find top-level for ('/data/vulnloc/libtiff/REDTEAM-CVE-2016-10268/src/libtiff/tif_write.c', 716, 2)[0m
[K	[1;33m	[warning] did not find top-level for ('/data/vulnloc/libtiff/REDTEAM-CVE-2016-10268/src/libtiff/tif_write.c', 716, 3)[0m
[K	[1;33m	[warning] did not find top-level for ('/data/vulnloc/libtiff/REDTEAM-CVE-2016-10268/src/libtiff/tif_write.c', 716, 2)[0m
[K	[1;33m	[warning] did not find top-level for ('/data/vulnloc/libtiff/REDTEAM-CVE-2016-10268/src/libtiff/tif_write.c', 716, 3)[0m
[K	[1;33m	[warning] did not find top-level for ('/data/vulnloc/libtiff/REDTEAM-CVE-2016-10268/src/libtiff/tif_write.c', 716, 2)[0m
[K	[1;33m	[warning] did not find top-level for ('/data/vulnloc/libtiff/REDTEAM-CVE-2016-10268/src/libtiff/tif_write.c', 716, 3)[0m
[K	[1;33m	[warning] did not find top-level for ('/data/vulnloc/libtiff/REDTEAM-CVE-2016-10268/src/libtiff/tif_write.c', 716, 2)[0m
[K	[1;33m	[warning] did not find top-level for ('/data/vulnloc/libtiff/REDTEAM-CVE-2016-10268/src/libtiff/tif_write.c', 716, 3)[0m
[K[1;36m
		[fix-loc] /data/vulnloc/libtiff/REDTEAM-CVE-2016-10268/src/libtiff/tif_write.c:776:2
		------------------------------------------------------------------------------------------
[0m
[K	[1;37m	[0m[K     [1;37m[constraint] (@var(pointer, tif) < (@var(pointer, data) + @var(integer, cc)))[0m
[K	[1;33m	[warning] did not find top-level for ('/data/vulnloc/libtiff/REDTEAM-CVE-2016-10268/src/libtiff/tif_write.c', 716, 2)[0m
[K	[1;33m	[warning] did not find top-level for ('/data/vulnloc/libtiff/REDTEAM-CVE-2016-10268/src/libtiff/tif_write.c', 716, 3)[0m
[K	[1;33m	[warning] did not find top-level for ('/data/vulnloc/libtiff/REDTEAM-CVE-2016-10268/src/libtiff/tif_write.c', 716, 2)[0m
[K	[1;33m	[warning] did not find top-level for ('/data/vulnloc/libtiff/REDTEAM-CVE-2016-10268/src/libtiff/tif_write.c', 716, 3)[0m
[K	[1;33m	[warning] did not find top-level for ('/data/vulnloc/libtiff/REDTEAM-CVE-2016-10268/src/libtiff/tif_write.c', 716, 2)[0m
[K	[1;33m	[warning] did not find top-level for ('/data/vulnloc/libtiff/REDTEAM-CVE-2016-10268/src/libtiff/tif_write.c', 716, 3)[0m
[K	[1;33m	[warning] did not find top-level for ('/data/vulnloc/libtiff/REDTEAM-CVE-2016-10268/src/libtiff/tif_unix.c', 97, 1)[0m
[K	[1;33m	[warning] did not find top-level for ('/data/vulnloc/libtiff/REDTEAM-CVE-2016-10268/src/libtiff/tif_unix.c', 97, 2)[0m
[K	[1;33m	[warning] did not find top-level for ('/data/vulnloc/libtiff/REDTEAM-CVE-2016-10268/src/libtiff/tif_unix.c', 123, 1)[0m
[K[1;36m
		[fix-loc] /data/vulnloc/libtiff/REDTEAM-CVE-2016-10268/src/libtiff/tif_unix.c:100:2
		------------------------------------------------------------------------------------------
[0m
[K	[1;37m	[0m[K     [1;37m[constraint] (@var(pointer, buf) < (@var(pointer, crepair_base(buf)) + @var(integer,
                        size)))[0m
[K[1;36m
		[fix-loc] /data/vulnloc/libtiff/REDTEAM-CVE-2016-10268/src/libtiff/tif_unix.c:103:2
		------------------------------------------------------------------------------------------
[0m
[K	[1;37m	[0m[K     [1;37m[constraint] (@var(pointer, buf) < (@var(pointer, crepair_base(buf)) + @var(integer,
                        size)))[0m
[K[1;36m
		[fix-loc] /data/vulnloc/libtiff/REDTEAM-CVE-2016-10268/src/libtiff/tif_unix.c:109:9
		------------------------------------------------------------------------------------------
[0m
[K	[1;37m	[0m[K     [1;37m[constraint] (@var(pointer, buf) < (@var(pointer, crepair_base(buf)) + @var(integer,
                        bytes_written)))[0m
[K[1;36m
		[fix-loc] /data/vulnloc/libtiff/REDTEAM-CVE-2016-10268/src/libtiff/tif_unix.c:109:60
		------------------------------------------------------------------------------------------
[0m
[K	[1;37m	[0m[K     [1;37m[constraint] (@var(pointer, buf) < (@var(pointer, crepair_base(buf)) + @var(integer,
                        bytes_written)))[0m
[K[1;36m
		[fix-loc] /data/vulnloc/libtiff/REDTEAM-CVE-2016-10268/src/libtiff/tif_unix.c:111:17
		------------------------------------------------------------------------------------------
[0m
[K	[1;37m	[0m[K     [1;37m[constraint] (@var(pointer, buf) < (@var(pointer, crepair_base(buf)) + @var(integer,
                        bytes_written)))[0m
[K[1;36m
		[fix-loc] /data/vulnloc/libtiff/REDTEAM-CVE-2016-10268/src/libtiff/tif_unix.c:112:17
		------------------------------------------------------------------------------------------
[0m
[K	[1;37m	[0m[K     [1;37m[constraint] (@var(pointer, buf) < (@var(pointer, crepair_base(buf)) + @var(integer,
                        bytes_written)))[0m
[K[1;36m
		[fix-loc] /data/vulnloc/libtiff/REDTEAM-CVE-2016-10268/src/libtiff/tif_unix.c:113:17
		------------------------------------------------------------------------------------------
[0m
[K	[1;37m	[0m[K     [1;37m[constraint] (@var(pointer, buf) < (@var(pointer, crepair_base(buf)) + @var(integer,
                        bytes_written)))[0m
[K[1;36m
		[fix-loc] /data/vulnloc/libtiff/REDTEAM-CVE-2016-10268/src/libtiff/tif_unix.c:115:17
		------------------------------------------------------------------------------------------
[0m
[K	[1;37m	[0m[K     [1;37m[constraint] (@var(pointer, buf_offset) < ((@var(pointer, buf) + @var(pointer,
                        bytes_written)) + @var(integer, bytes_written)))[0m
[K[1;36m
		[fix-loc] /data/vulnloc/libtiff/REDTEAM-CVE-2016-10268/src/libtiff/tif_unix.c:115:23
		------------------------------------------------------------------------------------------
[0m
[K	[1;37m	[0m[K     [1;37m[constraint] (@var(pointer, buf_offset) < ((@var(pointer, buf) + @var(pointer,
                        bytes_written)) + @var(integer, bytes_written)))[0m
[K[1;36m
		[fix-loc] /data/vulnloc/libtiff/REDTEAM-CVE-2016-10268/src/libtiff/tif_unix.c:116:17
		------------------------------------------------------------------------------------------
[0m
[K	[1;37m	[0m[K     [1;37m[constraint] (@var(pointer, buf_offset) < ((@var(pointer, buf) + @var(pointer,
                        bytes_written)) + @var(integer, bytes_written)))[0m
[K[1;36m
		[fix-loc] /data/vulnloc/libtiff/REDTEAM-CVE-2016-10268/src/libtiff/tif_unix.c:119:9
		------------------------------------------------------------------------------------------
[0m
[K	[1;37m	[0m[K     [1;37m[constraint] (@var(pointer, buf_offset) < ((@var(pointer, buf) + @var(pointer,
                        bytes_written)) + @var(integer, count)))[0m
[K[1;36m
		[fix-loc] /data/vulnloc/libtiff/REDTEAM-CVE-2016-10268/src/libtiff/tif_unix.c:121:9
		------------------------------------------------------------------------------------------
[0m
[K	[1;37m	[0m[K     [1;37m[constraint] (@var(pointer, buf_offset) < ((@var(pointer, buf) + @var(pointer,
                        bytes_written)) + @var(integer, bytes_written)))[0m
[K	[1;33m	[warning] did not find top-level for ('/data/vulnloc/libtiff/REDTEAM-CVE-2016-10268/src/libtiff/tif_unix.c', 97, 1)[0m
[K	[1;33m	[warning] did not find top-level for ('/data/vulnloc/libtiff/REDTEAM-CVE-2016-10268/src/libtiff/tif_unix.c', 97, 2)[0m
[K	[1;33m	[warning] did not find top-level for ('/data/vulnloc/libtiff/REDTEAM-CVE-2016-10268/src/libtiff/tif_unix.c', 97, 1)[0m
[K	[1;33m	[warning] did not find top-level for ('/data/vulnloc/libtiff/REDTEAM-CVE-2016-10268/src/libtiff/tif_unix.c', 97, 2)[0m
[K	[1;33m	[warning] did not find top-level for ('/data/vulnloc/libtiff/REDTEAM-CVE-2016-10268/src/libtiff/tif_unix.c', 97, 1)[0m
[K	[1;33m	[warning] did not find top-level for ('/data/vulnloc/libtiff/REDTEAM-CVE-2016-10268/src/libtiff/tif_unix.c', 97, 2)[0m
[K	[1;33m	[warning] did not find top-level for ('/data/vulnloc/libtiff/REDTEAM-CVE-2016-10268/src/libtiff/tif_unix.c', 97, 1)[0m
[K	[1;33m	[warning] did not find top-level for ('/data/vulnloc/libtiff/REDTEAM-CVE-2016-10268/src/libtiff/tif_unix.c', 97, 2)[0m
[K	[1;33m	[warning] did not find top-level for ('/data/vulnloc/libtiff/REDTEAM-CVE-2016-10268/src/libtiff/tif_unix.c', 97, 1)[0m
[K	[1;33m	[warning] did not find top-level for ('/data/vulnloc/libtiff/REDTEAM-CVE-2016-10268/src/libtiff/tif_unix.c', 97, 2)[0m
[K	[1;33m	[warning] did not find top-level for ('/data/vulnloc/libtiff/REDTEAM-CVE-2016-10268/src/libtiff/tif_unix.c', 97, 1)[0m
[K	[1;33m	[warning] did not find top-level for ('/data/vulnloc/libtiff/REDTEAM-CVE-2016-10268/src/libtiff/tif_unix.c', 97, 2)[0m
[K	[1;33m	[warning] did not find top-level for ('/data/vulnloc/libtiff/REDTEAM-CVE-2016-10268/src/libtiff/tif_unix.c', 97, 1)[0m
[K	[1;33m	[warning] did not find top-level for ('/data/vulnloc/libtiff/REDTEAM-CVE-2016-10268/src/libtiff/tif_unix.c', 97, 2)[0m
[K	[1;33m	[warning] did not find top-level for ('/data/vulnloc/libtiff/REDTEAM-CVE-2016-10268/src/libtiff/tif_unix.c', 97, 1)[0m
[K	[1;33m	[warning] did not find top-level for ('/data/vulnloc/libtiff/REDTEAM-CVE-2016-10268/src/libtiff/tif_unix.c', 97, 2)[0m
[K	[1;33m	[warning] did not find top-level for ('/data/vulnloc/libtiff/REDTEAM-CVE-2016-10268/src/libtiff/tif_unix.c', 97, 1)[0m
[K	[1;33m	[warning] did not find top-level for ('/data/vulnloc/libtiff/REDTEAM-CVE-2016-10268/src/libtiff/tif_unix.c', 97, 2)[0m
[K	[1;33m	[warning] did not find top-level for ('/data/vulnloc/libtiff/REDTEAM-CVE-2016-10268/src/libtiff/tif_unix.c', 97, 1)[0m
[K	[1;33m	[warning] did not find top-level for ('/data/vulnloc/libtiff/REDTEAM-CVE-2016-10268/src/libtiff/tif_unix.c', 97, 2)[0m
[K	[1;33m	[warning] did not find top-level for ('/data/vulnloc/libtiff/REDTEAM-CVE-2016-10268/src/libtiff/tif_unix.c', 97, 1)[0m
[K	[1;33m	[warning] did not find top-level for ('/data/vulnloc/libtiff/REDTEAM-CVE-2016-10268/src/libtiff/tif_unix.c', 97, 2)[0m
[K	[1;33m	[warning] did not find top-level for ('/data/vulnloc/libtiff/REDTEAM-CVE-2016-10268/src/libtiff/tif_unix.c', 97, 1)[0m
[K	[1;33m	[warning] did not find top-level for ('/data/vulnloc/libtiff/REDTEAM-CVE-2016-10268/src/libtiff/tif_unix.c', 97, 2)[0m
[K	[1;33m	[warning] did not find top-level for ('/data/vulnloc/libtiff/REDTEAM-CVE-2016-10268/src/libtiff/tif_unix.c', 97, 1)[0m
[K	[1;33m	[warning] did not find top-level for ('/data/vulnloc/libtiff/REDTEAM-CVE-2016-10268/src/libtiff/tif_unix.c', 97, 2)[0m
[K	[1;33m	[warning] did not find top-level for ('/data/vulnloc/libtiff/REDTEAM-CVE-2016-10268/src/libtiff/tif_unix.c', 97, 1)[0m
[K	[1;33m	[warning] did not find top-level for ('/data/vulnloc/libtiff/REDTEAM-CVE-2016-10268/src/libtiff/tif_unix.c', 97, 2)[0m
[K	[1;33m	[warning] did not find top-level for ('/data/vulnloc/libtiff/REDTEAM-CVE-2016-10268/src/libtiff/tif_unix.c', 97, 1)[0m
[K	[1;33m	[warning] did not find top-level for ('/data/vulnloc/libtiff/REDTEAM-CVE-2016-10268/src/libtiff/tif_unix.c', 97, 2)[0m
[K	[1;33m	[warning] did not find top-level for ('/data/vulnloc/libtiff/REDTEAM-CVE-2016-10268/src/libtiff/tif_unix.c', 97, 1)[0m
[K	[1;33m	[warning] did not find top-level for ('/data/vulnloc/libtiff/REDTEAM-CVE-2016-10268/src/libtiff/tif_unix.c', 97, 2)[0m
[K	[1;33m	[warning] did not find top-level for ('/data/vulnloc/libtiff/REDTEAM-CVE-2016-10268/src/libtiff/tif_unix.c', 97, 1)[0m
[K	[1;33m	[warning] did not find top-level for ('/data/vulnloc/libtiff/REDTEAM-CVE-2016-10268/src/libtiff/tif_unix.c', 97, 2)[0m
[K	[1;33m	[warning] did not find top-level for ('/data/vulnloc/libtiff/REDTEAM-CVE-2016-10268/src/libtiff/tif_unix.c', 97, 1)[0m
[K	[1;33m	[warning] did not find top-level for ('/data/vulnloc/libtiff/REDTEAM-CVE-2016-10268/src/libtiff/tif_unix.c', 97, 2)[0m
[K	[1;33m	[warning] did not find top-level for ('/data/vulnloc/libtiff/REDTEAM-CVE-2016-10268/src/libtiff/tif_unix.c', 97, 1)[0m
[K	[1;33m	[warning] did not find top-level for ('/data/vulnloc/libtiff/REDTEAM-CVE-2016-10268/src/libtiff/tif_unix.c', 97, 2)[0m
[K	[1;33m	[warning] did not find top-level for ('/data/vulnloc/libtiff/REDTEAM-CVE-2016-10268/src/libtiff/tif_unix.c', 97, 1)[0m
[K	[1;33m	[warning] did not find top-level for ('/data/vulnloc/libtiff/REDTEAM-CVE-2016-10268/src/libtiff/tif_unix.c', 97, 2)[0m
[K	[1;33m	[warning] did not find top-level for ('/data/vulnloc/libtiff/REDTEAM-CVE-2016-10268/src/libtiff/tif_unix.c', 97, 1)[0m
[K	[1;33m	[warning] did not find top-level for ('/data/vulnloc/libtiff/REDTEAM-CVE-2016-10268/src/libtiff/tif_unix.c', 97, 2)[0m
[K	[1;33m	[warning] did not find top-level for ('/data/vulnloc/libtiff/REDTEAM-CVE-2016-10268/src/libtiff/tif_unix.c', 97, 1)[0m
[K	[1;33m	[warning] did not find top-level for ('/data/vulnloc/libtiff/REDTEAM-CVE-2016-10268/src/libtiff/tif_unix.c', 97, 2)[0m
[K	[1;33m	[warning] did not find top-level for ('/data/vulnloc/libtiff/REDTEAM-CVE-2016-10268/src/libtiff/tif_unix.c', 97, 1)[0m
[K	[1;33m	[warning] did not find top-level for ('/data/vulnloc/libtiff/REDTEAM-CVE-2016-10268/src/libtiff/tif_unix.c', 97, 2)[0m
[K	[1;33m	[warning] did not find top-level for ('/data/vulnloc/libtiff/REDTEAM-CVE-2016-10268/src/libtiff/tif_unix.c', 97, 1)[0m
[K	[1;33m	[warning] did not find top-level for ('/data/vulnloc/libtiff/REDTEAM-CVE-2016-10268/src/libtiff/tif_unix.c', 97, 2)[0m
[K	[1;33m	[warning] did not find top-level for ('/data/vulnloc/libtiff/REDTEAM-CVE-2016-10268/src/libtiff/tif_unix.c', 97, 1)[0m
[K	[1;33m	[warning] did not find top-level for ('/data/vulnloc/libtiff/REDTEAM-CVE-2016-10268/src/libtiff/tif_unix.c', 97, 2)[0m
[K	[1;33m	[warning] did not find top-level for ('/data/vulnloc/libtiff/REDTEAM-CVE-2016-10268/src/libtiff/tif_unix.c', 97, 1)[0m
[K	[1;33m	[warning] did not find top-level for ('/data/vulnloc/libtiff/REDTEAM-CVE-2016-10268/src/libtiff/tif_unix.c', 97, 2)[0m
[K[1;36m
		[fix-loc] /data/vulnloc/libtiff/REDTEAM-CVE-2016-10268/src/libtiff/tif_unix.c:109:14
		------------------------------------------------------------------------------------------
[0m
[K	[1;37m	[0m[K     [1;37m[constraint] (@var(pointer, buf) < (@var(pointer, crepair_base(buf)) + @var(integer,
                        bytes_written)))[0m
[K	[1;33m	[warning] did not find top-level for ('/data/vulnloc/libtiff/REDTEAM-CVE-2016-10268/src/libtiff/tif_unix.c', 97, 1)[0m
[K	[1;33m	[warning] did not find top-level for ('/data/vulnloc/libtiff/REDTEAM-CVE-2016-10268/src/libtiff/tif_unix.c', 97, 2)[0m
[K[1;36m
		[fix-loc] /data/vulnloc/libtiff/REDTEAM-CVE-2016-10268/src/libtiff/tif_unix.c:108:2
		------------------------------------------------------------------------------------------
[0m
[K	[1;37m	[0m[K     [1;37m[constraint] (@var(pointer, buf) < (@var(pointer, crepair_base(buf)) + @var(integer,
                        size)))[0m
[K[1;32m
	localization information saved at /CrashRepair/output/libtiff_REDTEAM-CVE-2016-10268/localization.json[0m
[K[1;32m
	state values saved at /CrashRepair/output/libtiff_REDTEAM-CVE-2016-10268/values/[0m
[K	[1;37m
Run time statistics:
-----------------------
[0m
[K	[1;37mStartup: 0.000 minutes[0m
[K	[1;37mBuild: 0 minutes[0m
[K	[1;37mConcrete Analysis: 1.060 minutes[0m
[K	[1;37mConcolic Analysis: 20.362 minutes[0m
[K	[1;37mTotal Analysis: 21.492 minutes[0m
[K	[1;37mLocalization: 1.482 minutes[0m
[K[1;32m
CRepair finished successfully after 23.176 minutes 
[0m
2025-02-08 03:38:13.567 | WARNING  | analyzer:run:143 - analysis output directory does not exist [/data/vulnloc/libtiff/REDTEAM-CVE-2016-10268/analysis]: creating...
2025-02-08 03:38:13.964 | INFO     | scenario:generate:454 - generating candidate repairs in implicated files: {'/data/vulnloc/libtiff/REDTEAM-CVE-2016-10268/src/libtiff/tif_unix.c', '/data/vulnloc/libtiff/REDTEAM-CVE-2016-10268/src/libtiff/tif_write.c'}
ERROR: Connection error.
Traceback (most recent call last):
  File "/root/anaconda3/envs/CrashRepair/lib/python3.9/site-packages/httpx/_transports/default.py", line 101, in map_httpcore_exceptions
    yield
  File "/root/anaconda3/envs/CrashRepair/lib/python3.9/site-packages/httpx/_transports/default.py", line 250, in handle_request
    resp = self._pool.handle_request(req)
  File "/root/anaconda3/envs/CrashRepair/lib/python3.9/site-packages/httpcore/_sync/connection_pool.py", line 256, in handle_request
    raise exc from None
  File "/root/anaconda3/envs/CrashRepair/lib/python3.9/site-packages/httpcore/_sync/connection_pool.py", line 236, in handle_request
    response = connection.handle_request(
  File "/root/anaconda3/envs/CrashRepair/lib/python3.9/site-packages/httpcore/_sync/connection.py", line 101, in handle_request
    raise exc
  File "/root/anaconda3/envs/CrashRepair/lib/python3.9/site-packages/httpcore/_sync/connection.py", line 78, in handle_request
    stream = self._connect(request)
  File "/root/anaconda3/envs/CrashRepair/lib/python3.9/site-packages/httpcore/_sync/connection.py", line 156, in _connect
    stream = stream.start_tls(**kwargs)
  File "/root/anaconda3/envs/CrashRepair/lib/python3.9/site-packages/httpcore/_backends/sync.py", line 170, in start_tls
    raise exc
  File "/root/anaconda3/envs/CrashRepair/lib/python3.9/contextlib.py", line 137, in __exit__
    self.gen.throw(typ, value, traceback)
  File "/root/anaconda3/envs/CrashRepair/lib/python3.9/site-packages/httpcore/_exceptions.py", line 14, in map_exceptions
    raise to_exc(exc) from exc
httpcore.ConnectError: [SSL: CERTIFICATE_VERIFY_FAILED] certificate verify failed: self signed certificate (_ssl.c:1129)

The above exception was the direct cause of the following exception:

Traceback (most recent call last):
  File "/root/anaconda3/envs/CrashRepair/lib/python3.9/site-packages/openai/_base_client.py", line 996, in _request
    response = self._client.send(
  File "/root/anaconda3/envs/CrashRepair/lib/python3.9/site-packages/httpx/_client.py", line 914, in send
    response = self._send_handling_auth(
  File "/root/anaconda3/envs/CrashRepair/lib/python3.9/site-packages/httpx/_client.py", line 942, in _send_handling_auth
    response = self._send_handling_redirects(
  File "/root/anaconda3/envs/CrashRepair/lib/python3.9/site-packages/httpx/_client.py", line 979, in _send_handling_redirects
    response = self._send_single_request(request)
  File "/root/anaconda3/envs/CrashRepair/lib/python3.9/site-packages/httpx/_client.py", line 1014, in _send_single_request
    response = transport.handle_request(request)
  File "/root/anaconda3/envs/CrashRepair/lib/python3.9/site-packages/httpx/_transports/default.py", line 250, in handle_request
    resp = self._pool.handle_request(req)
  File "/root/anaconda3/envs/CrashRepair/lib/python3.9/contextlib.py", line 137, in __exit__
    self.gen.throw(typ, value, traceback)
  File "/root/anaconda3/envs/CrashRepair/lib/python3.9/site-packages/httpx/_transports/default.py", line 118, in map_httpcore_exceptions
    raise mapped_exc(message) from exc
httpx.ConnectError: [SSL: CERTIFICATE_VERIFY_FAILED] certificate verify failed: self signed certificate (_ssl.c:1129)

The above exception was the direct cause of the following exception:

Traceback (most recent call last):
  File "/orchestrator/crashrepair/cli.py", line 181, in main
    args.func(args)
  File "/orchestrator/crashrepair/cli.py", line 22, in do_repair
    scenario.repair()
  File "/orchestrator/crashrepair/scenario.py", line 734, in repair
    self.generate()
  File "/orchestrator/crashrepair/scenario.py", line 455, in generate
    generate_use_llms_from_localization_path(self.localization_path, self.patch_candidates_path)
  File "/orchestrator/crashrepair/LLMrepair.py", line 292, in generate_use_llms_from_localization_path
    answers = get_response(prompt)
  File "/orchestrator/crashrepair/LLMrepair.py", line 85, in get_response
    response = client.chat.completions.create(
  File "/root/anaconda3/envs/CrashRepair/lib/python3.9/site-packages/openai/_utils/_utils.py", line 279, in wrapper
    return func(*args, **kwargs)
  File "/root/anaconda3/envs/CrashRepair/lib/python3.9/site-packages/openai/resources/chat/completions.py", line 859, in create
    return self._post(
  File "/root/anaconda3/envs/CrashRepair/lib/python3.9/site-packages/openai/_base_client.py", line 1283, in post
    return cast(ResponseT, self.request(cast_to, opts, stream=stream, stream_cls=stream_cls))
  File "/root/anaconda3/envs/CrashRepair/lib/python3.9/site-packages/openai/_base_client.py", line 960, in request
    return self._request(
  File "/root/anaconda3/envs/CrashRepair/lib/python3.9/site-packages/openai/_base_client.py", line 1020, in _request
    return self._retry_request(
  File "/root/anaconda3/envs/CrashRepair/lib/python3.9/site-packages/openai/_base_client.py", line 1098, in _retry_request
    return self._request(
  File "/root/anaconda3/envs/CrashRepair/lib/python3.9/site-packages/openai/_base_client.py", line 1020, in _request
    return self._retry_request(
  File "/root/anaconda3/envs/CrashRepair/lib/python3.9/site-packages/openai/_base_client.py", line 1098, in _retry_request
    return self._request(
  File "/root/anaconda3/envs/CrashRepair/lib/python3.9/site-packages/openai/_base_client.py", line 1030, in _request
    raise APIConnectionError(request=request) from err
openai.APIConnectionError: Connection error.

