2025-02-08 03:14:13.816 | INFO     | scenario:build:265 - loaded bug scenario: Scenario(subject='zziplib', name='CVE-2017-5976', directory='/data/vulnloc/zziplib/CVE-2017-5976', build_directory='/data/vulnloc/zziplib/CVE-2017-5976/src', source_directory='/data/vulnloc/zziplib/CVE-2017-5976/src', tag_id='zziplib_CVE-2017-5976', binary_path='/data/vulnloc/zziplib/CVE-2017-5976/src/Linux_5.15.167.4-microsoft-standard-WSL2_x86_64.d/bins/unzzipcat-mem', clean_command='make clean', prebuild_command='exit 0', build_command="make CFLAGS='${INJECT_CFLAGS}' CXXFLAGS='${INJECT_CXXFLAGS}' LDFLAGS='${INJECT_LDFLAGS}'", crashing_command='$POC', crashing_input='/CrashRepair/experiments/vulnloc/zziplib/CVE-2017-5976/tests/1.zip', shell=Shell(cwd='/data/vulnloc/zziplib/CVE-2017-5976'), crash_test=Test(name='crash', command='/data/vulnloc/zziplib/CVE-2017-5976/src/Linux_5.15.167.4-microsoft-standard-WSL2_x86_64.d/bins/unzzipcat-mem /CrashRepair/experiments/vulnloc/zziplib/CVE-2017-5976/tests/1.zip', expected_exit_code=0, expected_stdout=None, bad_output='AddressSanitizer', asan_options=None, ubsan_options=None), sanitizer_flags='-fsanitize=address', additional_klee_flags='', expected_exit_code_for_crashing_input=0, should_terminate_early=True, fuzzer_tests=[], fuzzer=None, time_limit_minutes_validation=None, time_limit_seconds_single_test=30, time_limit_minutes_analysis=3600, halt_on_error=True, rebuild_for_validation=False, asan_options=None, ubsan_options=None, use_ghost_functions=False, acceptable_patch_limit=None)
2025-02-08 03:14:13.816 | INFO     | scenario:fuzz:426 - skipping fuzzing: fuzzer disabled
2025-02-08 03:14:13.816 | INFO     | analyzer:run:114 - running analysis with timeout: 60 minutes
2025-02-08 03:14:13.816 | DEBUG    | analyzer:write_config_to_file:88 - generated analyzer config:

dir_exp:/data/vulnloc/zziplib/CVE-2017-5976
tag_id:zziplib_CVE-2017-5976
src_directory:/data/vulnloc/zziplib/CVE-2017-5976/src
binary_path:/data/vulnloc/zziplib/CVE-2017-5976/src/Linux_5.15.167.4-microsoft-standard-WSL2_x86_64.d/bins/unzzipcat-mem
config_command:exit 0
build_command:make CFLAGS='${INJECT_CFLAGS}' CXXFLAGS='${INJECT_CXXFLAGS}' LDFLAGS='${INJECT_LDFLAGS}'
test_input_list:$POC
poc_list:/CrashRepair/experiments/vulnloc/zziplib/CVE-2017-5976/tests/1.zip
klee_flags:--link-llvm-lib=/CrashRepair/lib/libcrepair_proxy.bca 

2025-02-08 03:14:13.817 | DEBUG    | analyzer:run:124 - wrote analyzer config file to: /tmp/tmpriyhrji9
2025-02-08 03:14:13.817 | DEBUG    | shell:__call__:41 - executing: crepair --conf=/tmp/tmpriyhrji9
[K[1;36m
====================================================================================================

	Starting CRepair (C Crash Repair) 
====================================================================================================
[0m
[K[1;36m
	Loading Configurations
	__________________________________________________________________________________________
[0m
[K	[1;34mreading configuration values from arguments[0m
[K	[1;34mreading configuration values form configuration file[0m
[K	[1;37m	[file] /tmp/tmpriyhrji9[0m
[K	[1;34mupdating configuration values[0m
[K	[1;34mreading test configuration[0m
[K	[1;34mreading seed information[0m
[K	[1;37m	[config] stack size: 15000[0m
[K	[1;37m	[config] collecting stats: False[0m
[K	[1;37m	[config] number of tests: 1[0m
[K	[1;37m	[config] number of cores: 8[0m
[K	[1;37m	[config] klee concrete execution timeout: 600[0m
[K	[1;37m	[config] klee concolic execution timeout: 1200[0m
[K	[1;37m	[config] synthesize subset expressions: True[0m
[K	[1;37m	[config] window size for taint locations: 500[0m
[K	[1;37m	[config] window size for taint values: 500000[0m
[K[1;36m

	Analyzing Program
====================================================================================================
[0m
[K[1;36m
	Test Case #1
	__________________________________________________________________________________________
[0m
[K[1;36m
		Running Concrete Execution
		------------------------------------------------------------------------------------------
[0m
[K	[1;37m	[0m[K     [1;37mUsing Arguments: ['$POC'][0m
[K	[1;37m	[0m[K     [1;37mUsing Input File: /CrashRepair/experiments/vulnloc/zziplib/CVE-2017-5976/tests/1.zip[0m
[K	[1;34m	building program[0m
[K	[1;34m		setting environment variables[0m
[K	[1;34m		cleaning files[0m
[K	[1;34m		configuring program[0m
[K	[1;34m		compiling program[0m
[K	[1;37m	[0m[K     [1;37mUsing Binary: /data/vulnloc/zziplib/CVE-2017-5976/src/Linux_5.15.167.4-microsoft-
                        standard-WSL2_x86_64.d/bins/unzzipcat-mem[0m
[K	[1;34m	extracting bytecode[0m
[K	[1;34m	executing klee in concrete mode[0m
[K	[1;34m	extracting instruction trace[0m
[K	[1;37m		[note] program crashed[0m
[K	[1;34m	collecting tainted expressions[0m
[K	[1;34m	collecting tainted concrete values[0m
[K	[1;34m	collecting memory allocations/de-allocations[0m
[K	[1;34m	collecting pointer mapping[0m
[K	[1;34m	extracting crash information[0m
[K	[1;37m		[0m[K     [1;37m[info] crash type: memory read overflow[0m
[K	[1;37m		[0m[K     [1;37m[info] crash location:
                             /data/vulnloc/zziplib/CVE-2017-5976/src/Linux_5.15.167.4-microsoft-standard-
                             WSL2_x86_64.d/zzip/../../zzip/memdisk.c:1979:20[0m
[K	[1;37m		[0m[K     [1;37m[info] crash function: zzip_mem_entry_extra_block[0m
[K	[1;37m		[0m[K     [1;37m[info] crash address: 10743[0m
[K	[1;37m		[0m[K     [1;37m[info] crash free constraint: (NULL != @var(pointer, ext))[0m
[K	[1;37m		[0m[K     [1;37m[info] crash inducing variables: ext[0m
[K	[1;37m			[info] identified crash type: memory read overflow[0m
[K[1;36m
		Running Concolic Execution
		------------------------------------------------------------------------------------------
[0m
[K	[1;37m	[0m[K     [1;37mUsing Arguments: ['$POC'][0m
[K	[1;37m	[0m[K     [1;37mUsing Input File: /CrashRepair/experiments/vulnloc/zziplib/CVE-2017-5976/tests/1.zip[0m
[K	[1;34m	building program[0m
[K	[1;34m		setting environment variables[0m
[K	[1;34m		cleaning files[0m
[K	[1;34m		configuring program[0m
[K	[1;34m		compiling program[0m
[K	[1;34m	extracting bytecode[0m
[K	[1;34m	generating ktest file[0m
[K	[1;34m	executing klee in concolic mode[0m
[K	[1;34m	extracting largest symbolic path[0m
[K	[1;34m	extracting instruction trace[0m
[K	[1;37m		[note] program crashed[0m
[K	[1;34m	collecting tainted expressions[0m
[K	[1;34m	collecting memory allocations/de-allocations[0m
[K	[1;34m	collecting pointer mapping[0m
[K	[1;37m		[0m[K     [1;37m[info] Symbolic Mapping: ext ->
                             [A-data_117,A-data_118,A-data_126,A-data_127,bv967786024][0m
[K[1;36m

	Fix Localization
====================================================================================================
[0m
[K[1;36m
	Generating Fix Locations
	__________________________________________________________________________________________
[0m
[K	[1;34m	generating taint map[0m
[K	[1;37m		[0m[K     [1;37m[info] found 3649 tainted locations[0m
[K	[1;34m		starting parallel computing[0m
[K	[1;34m		waiting for thread completion[0m
[K	[1;37m		[0m[K     [1;37m[info] found 2 source files[0m
[K	[1;37m		[0m[K     [1;37m[info] found 8 executed functions[0m
[K	[1;34m	generating possible fix locations[0m
[K	[1;37m		[0m[K     [1;37m[fix-loc] zzip_mem_entry_extra_block,
                             /data/vulnloc/zziplib/CVE-2017-5976/src/Linux_5.15.167.4-microsoft-standard-
                             WSL2_x86_64.d/zzip/../../zzip/memdisk.c:1994:10[0m
[K	[1;37m		[0m[K     [1;37m[fix-loc] zzip_mem_entry_extra_block,
                             /data/vulnloc/zziplib/CVE-2017-5976/src/Linux_5.15.167.4-microsoft-standard-
                             WSL2_x86_64.d/zzip/../../zzip/memdisk.c:1992:15[0m
[K	[1;37m		[0m[K     [1;37m[fix-loc] zzip_mem_entry_extra_block,
                             /data/vulnloc/zziplib/CVE-2017-5976/src/Linux_5.15.167.4-microsoft-standard-
                             WSL2_x86_64.d/zzip/../../zzip/memdisk.c:1988:21[0m
[K	[1;37m		[0m[K     [1;37m[fix-loc] zzip_mem_entry_extra_block,
                             /data/vulnloc/zziplib/CVE-2017-5976/src/Linux_5.15.167.4-microsoft-standard-
                             WSL2_x86_64.d/zzip/../../zzip/memdisk.c:1988:23[0m
[K	[1;37m		[0m[K     [1;37m[fix-loc] zzip_mem_entry_extra_block,
                             /data/vulnloc/zziplib/CVE-2017-5976/src/Linux_5.15.167.4-microsoft-standard-
                             WSL2_x86_64.d/zzip/../../zzip/memdisk.c:1988:32[0m
[K	[1;37m		[0m[K     [1;37m[fix-loc] zzip_mem_entry_extra_block,
                             /data/vulnloc/zziplib/CVE-2017-5976/src/Linux_5.15.167.4-microsoft-standard-
                             WSL2_x86_64.d/zzip/../../zzip/memdisk.c:1987:19[0m
[K	[1;37m		[0m[K     [1;37m[fix-loc] zzip_mem_entry_extra_block,
                             /data/vulnloc/zziplib/CVE-2017-5976/src/Linux_5.15.167.4-microsoft-standard-
                             WSL2_x86_64.d/zzip/../../zzip/memdisk.c:1987:22[0m
[K	[1;37m		[0m[K     [1;37m[fix-loc] zzip_mem_entry_extra_block,
                             /data/vulnloc/zziplib/CVE-2017-5976/src/Linux_5.15.167.4-microsoft-standard-
                             WSL2_x86_64.d/zzip/../../zzip/memdisk.c:1987:23[0m
[K	[1;37m		[0m[K     [1;37m[fix-loc] zzip_mem_entry_extra_block,
                             /data/vulnloc/zziplib/CVE-2017-5976/src/Linux_5.15.167.4-microsoft-standard-
                             WSL2_x86_64.d/zzip/../../zzip/memdisk.c:1987:55[0m
[K	[1;37m		[0m[K     [1;37m[fix-loc] zzip_mem_entry_extra_block,
                             /data/vulnloc/zziplib/CVE-2017-5976/src/Linux_5.15.167.4-microsoft-standard-
                             WSL2_x86_64.d/zzip/../../zzip/memdisk.c:1987:36[0m
[K	[1;37m		[0m[K     [1;37m[fix-loc] zzip_mem_entry_extra_block,
                             /data/vulnloc/zziplib/CVE-2017-5976/src/Linux_5.15.167.4-microsoft-standard-
                             WSL2_x86_64.d/zzip/../../zzip/memdisk.c:1987:51[0m
[K	[1;37m		[0m[K     [1;37m[fix-loc] zzip_mem_entry_extra_block,
                             /data/vulnloc/zziplib/CVE-2017-5976/src/Linux_5.15.167.4-microsoft-standard-
                             WSL2_x86_64.d/zzip/../../zzip/memdisk.c:1986:19[0m
[K	[1;37m		[0m[K     [1;37m[fix-loc] zzip_mem_entry_extra_block,
                             /data/vulnloc/zziplib/CVE-2017-5976/src/Linux_5.15.167.4-microsoft-standard-
                             WSL2_x86_64.d/zzip/../../zzip/memdisk.c:1985:25[0m
[K	[1;37m		[0m[K     [1;37m[fix-loc] zzip_mem_entry_extra_block,
                             /data/vulnloc/zziplib/CVE-2017-5976/src/Linux_5.15.167.4-microsoft-standard-
                             WSL2_x86_64.d/zzip/../../zzip/memdisk.c:1985:29[0m
[K	[1;37m		[0m[K     [1;37m[fix-loc] zzip_mem_entry_extra_block,
                             /data/vulnloc/zziplib/CVE-2017-5976/src/Linux_5.15.167.4-microsoft-standard-
                             WSL2_x86_64.d/zzip/../../zzip/memdisk.c:1985:38[0m
[K	[1;37m		[0m[K     [1;37m[fix-loc] zzip_mem_entry_extra_block,
                             /data/vulnloc/zziplib/CVE-2017-5976/src/Linux_5.15.167.4-microsoft-standard-
                             WSL2_x86_64.d/zzip/../../zzip/memdisk.c:1981:30[0m
[K	[1;37m		[0m[K     [1;37m[fix-loc] zzip_mem_entry_extra_block,
                             /data/vulnloc/zziplib/CVE-2017-5976/src/Linux_5.15.167.4-microsoft-standard-
                             WSL2_x86_64.d/zzip/../../zzip/memdisk.c:1981:33[0m
[K	[1;37m		[0m[K     [1;37m[fix-loc] zzip_mem_entry_extra_block,
                             /data/vulnloc/zziplib/CVE-2017-5976/src/Linux_5.15.167.4-microsoft-standard-
                             WSL2_x86_64.d/zzip/../../zzip/memdisk.c:1981:34[0m
[K	[1;37m		[0m[K     [1;37m[fix-loc] zzip_mem_entry_extra_block,
                             /data/vulnloc/zziplib/CVE-2017-5976/src/Linux_5.15.167.4-microsoft-standard-
                             WSL2_x86_64.d/zzip/../../zzip/memdisk.c:1981:62[0m
[K	[1;37m		[0m[K     [1;37m[fix-loc] zzip_mem_entry_extra_block,
                             /data/vulnloc/zziplib/CVE-2017-5976/src/Linux_5.15.167.4-microsoft-standard-
                             WSL2_x86_64.d/zzip/../../zzip/memdisk.c:1981:21[0m
[K	[1;37m		[0m[K     [1;37m[fix-loc] zzip_mem_entry_extra_block,
                             /data/vulnloc/zziplib/CVE-2017-5976/src/Linux_5.15.167.4-microsoft-standard-
                             WSL2_x86_64.d/zzip/../../zzip/memdisk.c:1979:20[0m
[K	[1;37m		[0m[K     [1;37m[fix-loc] zzip_mem_entry_extra_block,
                             /data/vulnloc/zziplib/CVE-2017-5976/src/Linux_5.15.167.4-microsoft-standard-
                             WSL2_x86_64.d/zzip/../../zzip/memdisk.c:1979:37[0m
[K	[1;37m		[0m[K     [1;37m[fix-loc] zzip_mem_entry_extra_block,
                             /data/vulnloc/zziplib/CVE-2017-5976/src/Linux_5.15.167.4-microsoft-standard-
                             WSL2_x86_64.d/zzip/../../zzip/memdisk.c:1979:32[0m
[K[1;36m
	Localizing Constraints
	__________________________________________________________________________________________
[0m
[K[1;36m
		[fix-loc] /data/vulnloc/zziplib/CVE-2017-5976/src/Linux_5.15.167.4-microsoft-standard-WSL2_x86_64.d/zzip/../../zzip/memdisk.c:1979:13
		------------------------------------------------------------------------------------------
[0m
[K	[1;37m	[0m[K     [1;37m[constraint] (NULL != @var(pointer, ext))[0m
[K[1;36m
		[fix-loc] /data/vulnloc/zziplib/CVE-2017-5976/src/Linux_5.15.167.4-microsoft-standard-WSL2_x86_64.d/zzip/../../zzip/memdisk.c:1987:17
		------------------------------------------------------------------------------------------
[0m
[K	[1;37m	[0m[K     [1;37m[constraint] (NULL != @var(pointer, e + *ext + 2))[0m
[K[1;36m
		[fix-loc] /data/vulnloc/zziplib/CVE-2017-5976/src/Linux_5.15.167.4-microsoft-standard-WSL2_x86_64.d/zzip/../../zzip/memdisk.c:1988:17
		------------------------------------------------------------------------------------------
[0m
[K	[1;37m	[0m[K     [1;37m[constraint] (NULL != @var(pointer, e))[0m
[K[1;36m
		[fix-loc] /data/vulnloc/zziplib/CVE-2017-5976/src/Linux_5.15.167.4-microsoft-standard-WSL2_x86_64.d/zzip/../../zzip/memdisk.c:1974:5
		------------------------------------------------------------------------------------------
[0m
[K	[1;37m	[0m[K     [1;37m[constraint] (NULL != @var(pointer, e))[0m
[K[1;36m
		[fix-loc] /data/vulnloc/zziplib/CVE-2017-5976/src/Linux_5.15.167.4-microsoft-standard-WSL2_x86_64.d/zzip/../../zzip/memdisk.c:1992:9
		------------------------------------------------------------------------------------------
[0m
[K	[1;37m	[0m[K     [1;37m[constraint] (NULL != @var(pointer, e))[0m
[K[1;36m
		[fix-loc] /data/vulnloc/zziplib/CVE-2017-5976/src/Linux_5.15.167.4-microsoft-standard-WSL2_x86_64.d/zzip/../../zzip/memdisk.c:1988:23
		------------------------------------------------------------------------------------------
[0m
[K	[1;37m	[0m[K     [1;37m[constraint] (NULL != (@result(integer)))[0m
[K[1;36m
		[fix-loc] /data/vulnloc/zziplib/CVE-2017-5976/src/Linux_5.15.167.4-microsoft-standard-WSL2_x86_64.d/zzip/../../zzip/memdisk.c:1986:17
		------------------------------------------------------------------------------------------
[0m
[K	[1;37m	[0m[K     [1;37m[constraint] (NULL != @var(pointer, ext))[0m
[K[1;36m
		[fix-loc] /data/vulnloc/zziplib/CVE-2017-5976/src/Linux_5.15.167.4-microsoft-standard-WSL2_x86_64.d/zzip/../../zzip/memdisk.c:1985:19
		------------------------------------------------------------------------------------------
[0m
[K	[1;37m	[0m[K     [1;37m[constraint] (NULL != @var(pointer, ext))[0m
[K[1;36m
		[fix-loc] /data/vulnloc/zziplib/CVE-2017-5976/src/Linux_5.15.167.4-microsoft-standard-WSL2_x86_64.d/zzip/../../zzip/memdisk.c:1985:29
		------------------------------------------------------------------------------------------
[0m
[K	[1;37m	[0m[K     [1;37m[constraint] (NULL != (@result(integer)))[0m
[K[1;36m
		[fix-loc] /data/vulnloc/zziplib/CVE-2017-5976/src/Linux_5.15.167.4-microsoft-standard-WSL2_x86_64.d/zzip/../../zzip/memdisk.c:1981:17
		------------------------------------------------------------------------------------------
[0m
[K	[1;37m	[0m[K     [1;37m[constraint] (NULL != @var(pointer, ext))[0m
[K[1;32m
	localization information saved at /CrashRepair/output/zziplib_CVE-2017-5976/localization.json[0m
[K[1;32m
	state values saved at /CrashRepair/output/zziplib_CVE-2017-5976/values/[0m
[K	[1;37m
Run time statistics:
-----------------------
[0m
[K	[1;37mStartup: 0.000 minutes[0m
[K	[1;37mBuild: 0 minutes[0m
[K	[1;37mConcrete Analysis: 0.038 minutes[0m
[K	[1;37mConcolic Analysis: 0.049 minutes[0m
[K	[1;37mTotal Analysis: 0.089 minutes[0m
[K	[1;37mLocalization: 0.090 minutes[0m
[K[1;32m
CRepair finished successfully after 0.180 minutes 
[0m
2025-02-08 03:14:25.075 | WARNING  | analyzer:run:143 - analysis output directory does not exist [/data/vulnloc/zziplib/CVE-2017-5976/analysis]: creating...
2025-02-08 03:14:25.095 | INFO     | scenario:generate:454 - generating candidate repairs in implicated files: {'/data/vulnloc/zziplib/CVE-2017-5976/src/Linux_5.15.167.4-microsoft-standard-WSL2_x86_64.d/zzip/../../zzip/memdisk.c'}
ERROR: Connection error.
Traceback (most recent call last):
  File "/root/anaconda3/envs/CrashRepair/lib/python3.9/site-packages/httpx/_transports/default.py", line 101, in map_httpcore_exceptions
    yield
  File "/root/anaconda3/envs/CrashRepair/lib/python3.9/site-packages/httpx/_transports/default.py", line 250, in handle_request
    resp = self._pool.handle_request(req)
  File "/root/anaconda3/envs/CrashRepair/lib/python3.9/site-packages/httpcore/_sync/connection_pool.py", line 256, in handle_request
    raise exc from None
  File "/root/anaconda3/envs/CrashRepair/lib/python3.9/site-packages/httpcore/_sync/connection_pool.py", line 236, in handle_request
    response = connection.handle_request(
  File "/root/anaconda3/envs/CrashRepair/lib/python3.9/site-packages/httpcore/_sync/connection.py", line 101, in handle_request
    raise exc
  File "/root/anaconda3/envs/CrashRepair/lib/python3.9/site-packages/httpcore/_sync/connection.py", line 78, in handle_request
    stream = self._connect(request)
  File "/root/anaconda3/envs/CrashRepair/lib/python3.9/site-packages/httpcore/_sync/connection.py", line 156, in _connect
    stream = stream.start_tls(**kwargs)
  File "/root/anaconda3/envs/CrashRepair/lib/python3.9/site-packages/httpcore/_backends/sync.py", line 170, in start_tls
    raise exc
  File "/root/anaconda3/envs/CrashRepair/lib/python3.9/contextlib.py", line 137, in __exit__
    self.gen.throw(typ, value, traceback)
  File "/root/anaconda3/envs/CrashRepair/lib/python3.9/site-packages/httpcore/_exceptions.py", line 14, in map_exceptions
    raise to_exc(exc) from exc
httpcore.ConnectError: [SSL: CERTIFICATE_VERIFY_FAILED] certificate verify failed: self signed certificate (_ssl.c:1129)

The above exception was the direct cause of the following exception:

Traceback (most recent call last):
  File "/root/anaconda3/envs/CrashRepair/lib/python3.9/site-packages/openai/_base_client.py", line 996, in _request
    response = self._client.send(
  File "/root/anaconda3/envs/CrashRepair/lib/python3.9/site-packages/httpx/_client.py", line 914, in send
    response = self._send_handling_auth(
  File "/root/anaconda3/envs/CrashRepair/lib/python3.9/site-packages/httpx/_client.py", line 942, in _send_handling_auth
    response = self._send_handling_redirects(
  File "/root/anaconda3/envs/CrashRepair/lib/python3.9/site-packages/httpx/_client.py", line 979, in _send_handling_redirects
    response = self._send_single_request(request)
  File "/root/anaconda3/envs/CrashRepair/lib/python3.9/site-packages/httpx/_client.py", line 1014, in _send_single_request
    response = transport.handle_request(request)
  File "/root/anaconda3/envs/CrashRepair/lib/python3.9/site-packages/httpx/_transports/default.py", line 250, in handle_request
    resp = self._pool.handle_request(req)
  File "/root/anaconda3/envs/CrashRepair/lib/python3.9/contextlib.py", line 137, in __exit__
    self.gen.throw(typ, value, traceback)
  File "/root/anaconda3/envs/CrashRepair/lib/python3.9/site-packages/httpx/_transports/default.py", line 118, in map_httpcore_exceptions
    raise mapped_exc(message) from exc
httpx.ConnectError: [SSL: CERTIFICATE_VERIFY_FAILED] certificate verify failed: self signed certificate (_ssl.c:1129)

The above exception was the direct cause of the following exception:

Traceback (most recent call last):
  File "/orchestrator/crashrepair/cli.py", line 181, in main
    args.func(args)
  File "/orchestrator/crashrepair/cli.py", line 22, in do_repair
    scenario.repair()
  File "/orchestrator/crashrepair/scenario.py", line 734, in repair
    self.generate()
  File "/orchestrator/crashrepair/scenario.py", line 455, in generate
    generate_use_llms_from_localization_path(self.localization_path, self.patch_candidates_path)
  File "/orchestrator/crashrepair/LLMrepair.py", line 292, in generate_use_llms_from_localization_path
    answers = get_response(prompt)
  File "/orchestrator/crashrepair/LLMrepair.py", line 85, in get_response
    response = client.chat.completions.create(
  File "/root/anaconda3/envs/CrashRepair/lib/python3.9/site-packages/openai/_utils/_utils.py", line 279, in wrapper
    return func(*args, **kwargs)
  File "/root/anaconda3/envs/CrashRepair/lib/python3.9/site-packages/openai/resources/chat/completions.py", line 859, in create
    return self._post(
  File "/root/anaconda3/envs/CrashRepair/lib/python3.9/site-packages/openai/_base_client.py", line 1283, in post
    return cast(ResponseT, self.request(cast_to, opts, stream=stream, stream_cls=stream_cls))
  File "/root/anaconda3/envs/CrashRepair/lib/python3.9/site-packages/openai/_base_client.py", line 960, in request
    return self._request(
  File "/root/anaconda3/envs/CrashRepair/lib/python3.9/site-packages/openai/_base_client.py", line 1020, in _request
    return self._retry_request(
  File "/root/anaconda3/envs/CrashRepair/lib/python3.9/site-packages/openai/_base_client.py", line 1098, in _retry_request
    return self._request(
  File "/root/anaconda3/envs/CrashRepair/lib/python3.9/site-packages/openai/_base_client.py", line 1020, in _request
    return self._retry_request(
  File "/root/anaconda3/envs/CrashRepair/lib/python3.9/site-packages/openai/_base_client.py", line 1098, in _retry_request
    return self._request(
  File "/root/anaconda3/envs/CrashRepair/lib/python3.9/site-packages/openai/_base_client.py", line 1030, in _request
    raise APIConnectionError(request=request) from err
openai.APIConnectionError: Connection error.

